<?xml version="1.0" encoding="UTF-8"?>
<testsuite xmlns:xsi="http://www.w3.org/2001/XMLSchema-instance" xsi:noNamespaceSchemaLocation="https://maven.apache.org/surefire/maven-surefire-plugin/xsd/surefire-test-report-3.0.xsd" version="3.0" name="com.yourcompany.docgen.DataParserTest" time="0.287" tests="3" errors="0" skipped="0" failures="0">
  <properties>
    <property name="java.specification.version" value="21"/>
    <property name="sun.cpu.isalist" value="amd64"/>
    <property name="sun.jnu.encoding" value="UTF-8"/>
    <property name="java.class.path" value="C:\Users\ashaa\Desktop\VS CODE\json to docs\target\test-classes;C:\Users\ashaa\Desktop\VS CODE\json to docs\target\classes;C:\Users\ashaa\.m2\repository\org\apache\poi\poi-ooxml\5.2.5\poi-ooxml-5.2.5.jar;C:\Users\ashaa\.m2\repository\org\apache\poi\poi\5.2.5\poi-5.2.5.jar;C:\Users\ashaa\.m2\repository\org\apache\commons\commons-math3\3.6.1\commons-math3-3.6.1.jar;C:\Users\ashaa\.m2\repository\com\zaxxer\SparseBitSet\1.3\SparseBitSet-1.3.jar;C:\Users\ashaa\.m2\repository\org\apache\poi\poi-ooxml-lite\5.2.5\poi-ooxml-lite-5.2.5.jar;C:\Users\ashaa\.m2\repository\org\apache\xmlbeans\xmlbeans\5.2.0\xmlbeans-5.2.0.jar;C:\Users\ashaa\.m2\repository\org\apache\commons\commons-compress\1.25.0\commons-compress-1.25.0.jar;C:\Users\ashaa\.m2\repository\commons-io\commons-io\2.15.0\commons-io-2.15.0.jar;C:\Users\ashaa\.m2\repository\com\github\virtuald\curvesapi\1.08\curvesapi-1.08.jar;C:\Users\ashaa\.m2\repository\org\apache\logging\log4j\log4j-api\2.21.1\log4j-api-2.21.1.jar;C:\Users\ashaa\.m2\repository\org\apache\commons\commons-collections4\4.4\commons-collections4-4.4.jar;C:\Users\ashaa\.m2\repository\org\docx4j\docx4j\6.1.2\docx4j-6.1.2.jar;C:\Users\ashaa\.m2\repository\org\plutext\jaxb-svg11\1.0.2\jaxb-svg11-1.0.2.jar;C:\Users\ashaa\.m2\repository\net\engio\mbassador\1.2.4.2\mbassador-1.2.4.2.jar;C:\Users\ashaa\.m2\repository\org\slf4j\slf4j-api\1.7.25\slf4j-api-1.7.25.jar;C:\Users\ashaa\.m2\repository\org\slf4j\jcl-over-slf4j\1.7.25\jcl-over-slf4j-1.7.25.jar;C:\Users\ashaa\.m2\repository\org\slf4j\slf4j-log4j12\1.7.25\slf4j-log4j12-1.7.25.jar;C:\Users\ashaa\.m2\repository\log4j\log4j\1.2.17\log4j-1.2.17.jar;C:\Users\ashaa\.m2\repository\org\apache\commons\commons-lang3\3.5\commons-lang3-3.5.jar;C:\Users\ashaa\.m2\repository\commons-codec\commons-codec\1.11\commons-codec-1.11.jar;C:\Users\ashaa\.m2\repository\org\apache\httpcomponents\httpclient\4.5.6\httpclient-4.5.6.jar;C:\Users\ashaa\.m2\repository\org\apache\httpcomponents\httpcore\4.4.10\httpcore-4.4.10.jar;C:\Users\ashaa\.m2\repository\org\apache\xmlgraphics\xmlgraphics-commons\2.3\xmlgraphics-commons-2.3.jar;C:\Users\ashaa\.m2\repository\org\apache\avalon\framework\avalon-framework-api\4.3.1\avalon-framework-api-4.3.1.jar;C:\Users\ashaa\.m2\repository\org\apache\avalon\framework\avalon-framework-impl\4.3.1\avalon-framework-impl-4.3.1.jar;C:\Users\ashaa\.m2\repository\xalan\xalan\2.7.2\xalan-2.7.2.jar;C:\Users\ashaa\.m2\repository\xalan\serializer\2.7.2\serializer-2.7.2.jar;C:\Users\ashaa\.m2\repository\net\arnx\wmf2svg\0.9.8\wmf2svg-0.9.8.jar;C:\Users\ashaa\.m2\repository\org\antlr\antlr-runtime\3.5.2\antlr-runtime-3.5.2.jar;C:\Users\ashaa\.m2\repository\org\antlr\stringtemplate\3.2.1\stringtemplate-3.2.1.jar;C:\Users\ashaa\.m2\repository\antlr\antlr\2.7.7\antlr-2.7.7.jar;C:\Users\ashaa\.m2\repository\com\google\guava\guava\20.0\guava-20.0.jar;C:\Users\ashaa\.m2\repository\com\thedeanda\lorem\2.1\lorem-2.1.jar;C:\Users\ashaa\.m2\repository\com\fasterxml\jackson\core\jackson-databind\2.15.2\jackson-databind-2.15.2.jar;C:\Users\ashaa\.m2\repository\com\fasterxml\jackson\core\jackson-core\2.15.2\jackson-core-2.15.2.jar;C:\Users\ashaa\.m2\repository\com\fasterxml\jackson\core\jackson-annotations\2.15.2\jackson-annotations-2.15.2.jar;C:\Users\ashaa\.m2\repository\org\jodconverter\jodconverter-local\4.4.6\jodconverter-local-4.4.6.jar;C:\Users\ashaa\.m2\repository\org\jodconverter\jodconverter-core\4.4.6\jodconverter-core-4.4.6.jar;C:\Users\ashaa\.m2\repository\com\google\code\gson\gson\2.9.1\gson-2.9.1.jar;C:\Users\ashaa\.m2\repository\org\openoffice\juh\4.1.2\juh-4.1.2.jar;C:\Users\ashaa\.m2\repository\org\openoffice\jurt\4.1.2\jurt-4.1.2.jar;C:\Users\ashaa\.m2\repository\org\openoffice\ridl\4.1.2\ridl-4.1.2.jar;C:\Users\ashaa\.m2\repository\org\openoffice\unoil\4.1.2\unoil-4.1.2.jar;C:\Users\ashaa\.m2\repository\org\slf4j\slf4j-simple\2.0.9\slf4j-simple-2.0.9.jar;C:\Users\ashaa\.m2\repository\javax\xml\bind\jaxb-api\2.3.1\jaxb-api-2.3.1.jar;C:\Users\ashaa\.m2\repository\javax\activation\javax.activation-api\1.2.0\javax.activation-api-1.2.0.jar;C:\Users\ashaa\.m2\repository\org\glassfish\jaxb\jaxb-runtime\2.3.1\jaxb-runtime-2.3.1.jar;C:\Users\ashaa\.m2\repository\org\glassfish\jaxb\txw2\2.3.1\txw2-2.3.1.jar;C:\Users\ashaa\.m2\repository\com\sun\istack\istack-commons-runtime\3.0.7\istack-commons-runtime-3.0.7.jar;C:\Users\ashaa\.m2\repository\org\jvnet\staxex\stax-ex\1.8\stax-ex-1.8.jar;C:\Users\ashaa\.m2\repository\com\sun\xml\fastinfoset\FastInfoset\1.2.15\FastInfoset-1.2.15.jar;C:\Users\ashaa\.m2\repository\org\glassfish\jaxb\jaxb-core\2.3.0.1\jaxb-core-2.3.0.1.jar;C:\Users\ashaa\.m2\repository\org\junit\jupiter\junit-jupiter\5.9.3\junit-jupiter-5.9.3.jar;C:\Users\ashaa\.m2\repository\org\junit\jupiter\junit-jupiter-api\5.9.3\junit-jupiter-api-5.9.3.jar;C:\Users\ashaa\.m2\repository\org\opentest4j\opentest4j\1.2.0\opentest4j-1.2.0.jar;C:\Users\ashaa\.m2\repository\org\junit\platform\junit-platform-commons\1.9.3\junit-platform-commons-1.9.3.jar;C:\Users\ashaa\.m2\repository\org\apiguardian\apiguardian-api\1.1.2\apiguardian-api-1.1.2.jar;C:\Users\ashaa\.m2\repository\org\junit\jupiter\junit-jupiter-params\5.9.3\junit-jupiter-params-5.9.3.jar;C:\Users\ashaa\.m2\repository\org\junit\jupiter\junit-jupiter-engine\5.9.3\junit-jupiter-engine-5.9.3.jar;C:\Users\ashaa\.m2\repository\org\junit\platform\junit-platform-engine\1.9.3\junit-platform-engine-1.9.3.jar;"/>
    <property name="java.vm.vendor" value="Oracle Corporation"/>
    <property name="sun.arch.data.model" value="64"/>
    <property name="user.variant" value=""/>
    <property name="java.vendor.url" value="https://java.oracle.com/"/>
    <property name="user.timezone" value="Asia/Karachi"/>
    <property name="os.name" value="Windows 11"/>
    <property name="java.vm.specification.version" value="21"/>
    <property name="sun.java.launcher" value="SUN_STANDARD"/>
    <property name="user.country" value="US"/>
    <property name="sun.boot.library.path" value="C:\Program Files\Java\jdk-21\bin"/>
    <property name="sun.java.command" value="C:\Users\ashaa\AppData\Local\Temp\surefire9535598039369025705\surefirebooter-20250518191307754_3.jar C:\Users\ashaa\AppData\Local\Temp\surefire9535598039369025705 2025-05-18T19-13-07_235-jvmRun1 surefire-20250518191307754_1tmp surefire_0-20250518191307754_2tmp"/>
    <property name="jdk.debug" value="release"/>
    <property name="surefire.test.class.path" value="C:\Users\ashaa\Desktop\VS CODE\json to docs\target\test-classes;C:\Users\ashaa\Desktop\VS CODE\json to docs\target\classes;C:\Users\ashaa\.m2\repository\org\apache\poi\poi-ooxml\5.2.5\poi-ooxml-5.2.5.jar;C:\Users\ashaa\.m2\repository\org\apache\poi\poi\5.2.5\poi-5.2.5.jar;C:\Users\ashaa\.m2\repository\org\apache\commons\commons-math3\3.6.1\commons-math3-3.6.1.jar;C:\Users\ashaa\.m2\repository\com\zaxxer\SparseBitSet\1.3\SparseBitSet-1.3.jar;C:\Users\ashaa\.m2\repository\org\apache\poi\poi-ooxml-lite\5.2.5\poi-ooxml-lite-5.2.5.jar;C:\Users\ashaa\.m2\repository\org\apache\xmlbeans\xmlbeans\5.2.0\xmlbeans-5.2.0.jar;C:\Users\ashaa\.m2\repository\org\apache\commons\commons-compress\1.25.0\commons-compress-1.25.0.jar;C:\Users\ashaa\.m2\repository\commons-io\commons-io\2.15.0\commons-io-2.15.0.jar;C:\Users\ashaa\.m2\repository\com\github\virtuald\curvesapi\1.08\curvesapi-1.08.jar;C:\Users\ashaa\.m2\repository\org\apache\logging\log4j\log4j-api\2.21.1\log4j-api-2.21.1.jar;C:\Users\ashaa\.m2\repository\org\apache\commons\commons-collections4\4.4\commons-collections4-4.4.jar;C:\Users\ashaa\.m2\repository\org\docx4j\docx4j\6.1.2\docx4j-6.1.2.jar;C:\Users\ashaa\.m2\repository\org\plutext\jaxb-svg11\1.0.2\jaxb-svg11-1.0.2.jar;C:\Users\ashaa\.m2\repository\net\engio\mbassador\1.2.4.2\mbassador-1.2.4.2.jar;C:\Users\ashaa\.m2\repository\org\slf4j\slf4j-api\1.7.25\slf4j-api-1.7.25.jar;C:\Users\ashaa\.m2\repository\org\slf4j\jcl-over-slf4j\1.7.25\jcl-over-slf4j-1.7.25.jar;C:\Users\ashaa\.m2\repository\org\slf4j\slf4j-log4j12\1.7.25\slf4j-log4j12-1.7.25.jar;C:\Users\ashaa\.m2\repository\log4j\log4j\1.2.17\log4j-1.2.17.jar;C:\Users\ashaa\.m2\repository\org\apache\commons\commons-lang3\3.5\commons-lang3-3.5.jar;C:\Users\ashaa\.m2\repository\commons-codec\commons-codec\1.11\commons-codec-1.11.jar;C:\Users\ashaa\.m2\repository\org\apache\httpcomponents\httpclient\4.5.6\httpclient-4.5.6.jar;C:\Users\ashaa\.m2\repository\org\apache\httpcomponents\httpcore\4.4.10\httpcore-4.4.10.jar;C:\Users\ashaa\.m2\repository\org\apache\xmlgraphics\xmlgraphics-commons\2.3\xmlgraphics-commons-2.3.jar;C:\Users\ashaa\.m2\repository\org\apache\avalon\framework\avalon-framework-api\4.3.1\avalon-framework-api-4.3.1.jar;C:\Users\ashaa\.m2\repository\org\apache\avalon\framework\avalon-framework-impl\4.3.1\avalon-framework-impl-4.3.1.jar;C:\Users\ashaa\.m2\repository\xalan\xalan\2.7.2\xalan-2.7.2.jar;C:\Users\ashaa\.m2\repository\xalan\serializer\2.7.2\serializer-2.7.2.jar;C:\Users\ashaa\.m2\repository\net\arnx\wmf2svg\0.9.8\wmf2svg-0.9.8.jar;C:\Users\ashaa\.m2\repository\org\antlr\antlr-runtime\3.5.2\antlr-runtime-3.5.2.jar;C:\Users\ashaa\.m2\repository\org\antlr\stringtemplate\3.2.1\stringtemplate-3.2.1.jar;C:\Users\ashaa\.m2\repository\antlr\antlr\2.7.7\antlr-2.7.7.jar;C:\Users\ashaa\.m2\repository\com\google\guava\guava\20.0\guava-20.0.jar;C:\Users\ashaa\.m2\repository\com\thedeanda\lorem\2.1\lorem-2.1.jar;C:\Users\ashaa\.m2\repository\com\fasterxml\jackson\core\jackson-databind\2.15.2\jackson-databind-2.15.2.jar;C:\Users\ashaa\.m2\repository\com\fasterxml\jackson\core\jackson-core\2.15.2\jackson-core-2.15.2.jar;C:\Users\ashaa\.m2\repository\com\fasterxml\jackson\core\jackson-annotations\2.15.2\jackson-annotations-2.15.2.jar;C:\Users\ashaa\.m2\repository\org\jodconverter\jodconverter-local\4.4.6\jodconverter-local-4.4.6.jar;C:\Users\ashaa\.m2\repository\org\jodconverter\jodconverter-core\4.4.6\jodconverter-core-4.4.6.jar;C:\Users\ashaa\.m2\repository\com\google\code\gson\gson\2.9.1\gson-2.9.1.jar;C:\Users\ashaa\.m2\repository\org\openoffice\juh\4.1.2\juh-4.1.2.jar;C:\Users\ashaa\.m2\repository\org\openoffice\jurt\4.1.2\jurt-4.1.2.jar;C:\Users\ashaa\.m2\repository\org\openoffice\ridl\4.1.2\ridl-4.1.2.jar;C:\Users\ashaa\.m2\repository\org\openoffice\unoil\4.1.2\unoil-4.1.2.jar;C:\Users\ashaa\.m2\repository\org\slf4j\slf4j-simple\2.0.9\slf4j-simple-2.0.9.jar;C:\Users\ashaa\.m2\repository\javax\xml\bind\jaxb-api\2.3.1\jaxb-api-2.3.1.jar;C:\Users\ashaa\.m2\repository\javax\activation\javax.activation-api\1.2.0\javax.activation-api-1.2.0.jar;C:\Users\ashaa\.m2\repository\org\glassfish\jaxb\jaxb-runtime\2.3.1\jaxb-runtime-2.3.1.jar;C:\Users\ashaa\.m2\repository\org\glassfish\jaxb\txw2\2.3.1\txw2-2.3.1.jar;C:\Users\ashaa\.m2\repository\com\sun\istack\istack-commons-runtime\3.0.7\istack-commons-runtime-3.0.7.jar;C:\Users\ashaa\.m2\repository\org\jvnet\staxex\stax-ex\1.8\stax-ex-1.8.jar;C:\Users\ashaa\.m2\repository\com\sun\xml\fastinfoset\FastInfoset\1.2.15\FastInfoset-1.2.15.jar;C:\Users\ashaa\.m2\repository\org\glassfish\jaxb\jaxb-core\2.3.0.1\jaxb-core-2.3.0.1.jar;C:\Users\ashaa\.m2\repository\org\junit\jupiter\junit-jupiter\5.9.3\junit-jupiter-5.9.3.jar;C:\Users\ashaa\.m2\repository\org\junit\jupiter\junit-jupiter-api\5.9.3\junit-jupiter-api-5.9.3.jar;C:\Users\ashaa\.m2\repository\org\opentest4j\opentest4j\1.2.0\opentest4j-1.2.0.jar;C:\Users\ashaa\.m2\repository\org\junit\platform\junit-platform-commons\1.9.3\junit-platform-commons-1.9.3.jar;C:\Users\ashaa\.m2\repository\org\apiguardian\apiguardian-api\1.1.2\apiguardian-api-1.1.2.jar;C:\Users\ashaa\.m2\repository\org\junit\jupiter\junit-jupiter-params\5.9.3\junit-jupiter-params-5.9.3.jar;C:\Users\ashaa\.m2\repository\org\junit\jupiter\junit-jupiter-engine\5.9.3\junit-jupiter-engine-5.9.3.jar;C:\Users\ashaa\.m2\repository\org\junit\platform\junit-platform-engine\1.9.3\junit-platform-engine-1.9.3.jar;"/>
    <property name="sun.cpu.endian" value="little"/>
    <property name="user.home" value="C:\Users\ashaa"/>
    <property name="user.language" value="en"/>
    <property name="java.specification.vendor" value="Oracle Corporation"/>
    <property name="java.version.date" value="2024-07-16"/>
    <property name="java.home" value="C:\Program Files\Java\jdk-21"/>
    <property name="file.separator" value="\"/>
    <property name="basedir" value="C:\Users\ashaa\Desktop\VS CODE\json to docs"/>
    <property name="java.vm.compressedOopsMode" value="Zero based"/>
    <property name="line.separator" value="&#10;"/>
    <property name="java.vm.specification.vendor" value="Oracle Corporation"/>
    <property name="java.specification.name" value="Java Platform API Specification"/>
    <property name="surefire.real.class.path" value="C:\Users\ashaa\AppData\Local\Temp\surefire9535598039369025705\surefirebooter-20250518191307754_3.jar"/>
    <property name="user.script" value=""/>
    <property name="sun.management.compiler" value="HotSpot 64-Bit Tiered Compilers"/>
    <property name="java.runtime.version" value="21.0.4+8-LTS-274"/>
    <property name="user.name" value="ashaa"/>
    <property name="stdout.encoding" value="UTF-8"/>
    <property name="path.separator" value=";"/>
    <property name="os.version" value="10.0"/>
    <property name="java.runtime.name" value="Java(TM) SE Runtime Environment"/>
    <property name="file.encoding" value="UTF-8"/>
    <property name="java.vm.name" value="Java HotSpot(TM) 64-Bit Server VM"/>
    <property name="localRepository" value="C:\Users\ashaa\.m2\repository"/>
    <property name="java.vendor.url.bug" value="https://bugreport.java.com/bugreport/"/>
    <property name="java.io.tmpdir" value="C:\Users\ashaa\AppData\Local\Temp\"/>
    <property name="java.version" value="21.0.4"/>
    <property name="user.dir" value="C:\Users\ashaa\Desktop\VS CODE\json to docs"/>
    <property name="os.arch" value="amd64"/>
    <property name="java.vm.specification.name" value="Java Virtual Machine Specification"/>
    <property name="sun.os.patch.level" value=""/>
    <property name="native.encoding" value="UTF-8"/>
    <property name="java.library.path" value="C:\Program Files\Java\jdk-21\bin;C:\WINDOWS\Sun\Java\bin;C:\WINDOWS\system32;C:\WINDOWS;C:\Users\ashaa\AppData\Local\Programs\Python\Python311\;C:\Program Files\Common Files\Oracle\Java\javapath;C:\Program Files\Microsoft\jdk-11.0.16.101-hotspot\bin;C:\Program Files (x86)\VMware\VMware Player\bin\;C:\Program Files (x86)\Common Files\Oracle\Java\javapath;C:\Windows\system32;C:\Windows;C:\Windows\System32\Wbem;C:\Windows\System32\WindowsPowerShell\v1.0\;C:\Windows\System32\OpenSSH\;C:\Program Files (x86)\NVIDIA Corporation\PhysX\Common;C:\WINDOWS\system32;C:\WINDOWS;C:\WINDOWS\System32\Wbem;C:\WINDOWS\System32\WindowsPowerShell\v1.0\;C:\WINDOWS\System32\OpenSSH\;C:\Program Files (x86)\Microsoft VS Code\bin;C:\Program Files\dotnet\;C:\Program Files\Microsoft SQL Server\150\Tools\Binn\;C:\Program Files\Microsoft SQL Server\Client SDK\ODBC\170\Tools\Binn\;C:\Program Files (x86)\Microsoft SQL Server\160\Tools\Binn\;C:\Program Files\Microsoft SQL Server\160\Tools\Binn\;C:\Program Files\Microsoft SQL Server\160\DTS\Binn\;C:\Program Files (x86)\Microsoft SQL Server\160\DTS\Binn\;C:\Program Files\Azure Data Studio\bin;C:\Program Files\MongoDB\mongosh-2.2.5-win32-x64\bin;C:\Program Files\Git\cmd;C:\ffmpeg\ffmpeg-2024-10-02-git-358fdf3083-essentials_build\bin;C:\Users\ashaa\AppData\Local\Google\Cloud SDK\google-cloud-sdk\bin;C:\Program Files\Graphviz\bin;C:\Program Files\Graphviz\bin;C:\Program Files\nodejs\;C:\Program Files\NVIDIA Corporation\NVIDIA app\NvDLISR;C:\Program Files\Cloudflare\Cloudflare WARP\;C:\Program Files\Docker\Docker\resources\bin;C:\Program Files\MySQL\MySQL Server 8.0\bin;C:\Program Files (x86)\IVI Foundation\VISA\WinNT\Bin\;C:\Program Files\IVI Foundation\VISA\Win64\Bin\;C:\Program Files (x86)\National Instruments\Shared\LabVIEW CLI;C:\Program Files (x86)\IVI Foundation\VISA\WinNT\Bin;C:\Program Files\LibreOffice\program;C:\ffmpeg\ffmpeg-2024-10-02-git-358fdf3083-essentials_build\bin;C:\Program Files\MySQL\MySQL Shell 8.0\bin\;C:\Users\ashaa\AppData\Local\Programs\Python\Python311\Scripts\;C:\Users\ashaa\AppData\Local\Programs\Python\Python311\;C:\Users\ashaa\AppData\Local\Microsoft\WindowsApps;C:\msys64\mingw64\bin;C:\Users\ashaa\.dotnet\tools;C:\Program Files\Azure Data Studio\bin;C:\Users\ashaa\.bun\bin;C:\Users\ashaa\AppData\Local\GitHubDesktop\bin;C:\Program Files\Tesseract-OCR;C:\php;C:\Program Files\Docker\Docker\resources\bin;C:\Users\ashaa\Downloads\Release-24.07.0-0\poppler-24.07.0\Library\bin;C:\Users\ashaa\AppData\Local\Programs\Microsoft VS Code\bin;C:\Users\ashaa\AppData\Local\Google\Cloud SDK\google-cloud-sdk\bin;C:\Users\ashaa\AppData\Local\Microsoft\WinGet\Packages\Schniz.fnm_Microsoft.Winget.Source_8wekyb3d8bbwe;C:\Program Files\Graphviz\bin;C:\Users\ashaa\Downloads\mongodb-database-tools-windows-x86_64-100.10.0\mongodb-database-tools-windows-x86_64-100.10.0\bin;C:\Users\ashaa\AppData\Roaming\npm;C:\flutter\flutter\bin;C:\Users\ashaa\AppData\Roaming\Python\Python311\Scripts;C:\Program Files\RabbitMQ Server\rabbitmq_server-4.0.5\sbin;C:\Users\ashaa\AppData\Local\Programs\cursor\resources\app\bin;C:\Users\ashaa\AppData\Local\Programs\Microsoft VS Code Insiders\bin;C:\Android\Sdk\platform-tools;C:\Program Files\Apache\maven-mvnd-1.0.2-windows-amd64\bin;C:\Users\ashaa\Downloads\apache-maven-3.9.9-bin\apache-maven-3.9.9\bin;;."/>
    <property name="java.vm.info" value="mixed mode, sharing"/>
    <property name="stderr.encoding" value="UTF-8"/>
    <property name="java.vendor" value="Oracle Corporation"/>
    <property name="java.vm.version" value="21.0.4+8-LTS-274"/>
    <property name="sun.io.unicode.encoding" value="UnicodeLittle"/>
    <property name="java.class.version" value="65.0"/>
  </properties>
  <testcase name="testParseValidJsonArray" classname="com.yourcompany.docgen.DataParserTest" time="0.261"/>
  <testcase name="testParseInvalidJson" classname="com.yourcompany.docgen.DataParserTest" time="0.004"/>
  <testcase name="testParseEmptyArray" classname="com.yourcompany.docgen.DataParserTest" time="0.003"/>
</testsuite>